
[2026-04-17T15:04:21+00:00] START source=Sahih al-Bukhari from=104862 to=108034
2026-04-17 15:04:27,141 INFO Hadith translation writes to PostgreSQL (DATABASE_URL).
Traceback (most recent call last):
  File "/root/bot/raqat_bot/translate_hadith_kk_batch.py", line 773, in <module>
    main()
  File "/root/bot/raqat_bot/translate_hadith_kk_batch.py", line 761, in main
    with get_db_writer() as conn:
  File "/usr/lib/python3.12/contextlib.py", line 137, in __enter__
    return next(self.gen)
           ^^^^^^^^^^^^^^
  File "/root/bot/raqat_bot/db/get_db.py", line 177, in get_db_writer
    with get_db() as conn:
  File "/usr/lib/python3.12/contextlib.py", line 137, in __enter__
    return next(self.gen)
           ^^^^^^^^^^^^^^
  File "/root/bot/raqat_bot/db/get_db.py", line 139, in get_db
    with psycopg.connect(dsn, row_factory=dict_row) as conn:
         ^^^^^^^^^^^^^^^^^^^^^^^^^^^^^^^^^^^^^^^^^^
  File "/root/bot/raqat_bot/.venv/lib/python3.12/site-packages/psycopg/connection.py", line 122, in connect
    raise last_ex.with_traceback(None)
psycopg.OperationalError: connection is bad: connection to server at "5.75.162.140", port 5432 failed: Network is unreachable
	Is the server running on that host and accepting TCP/IP connections?
[2026-04-17T15:04:27+00:00] RETRY in 20s source=Sahih al-Bukhari

[2026-04-17T15:04:47+00:00] START source=Sahih al-Bukhari from=104862 to=108034
2026-04-17 15:04:51,841 INFO Hadith translation writes to PostgreSQL (DATABASE_URL).
Traceback (most recent call last):
  File "/root/bot/raqat_bot/translate_hadith_kk_batch.py", line 773, in <module>
    main()
  File "/root/bot/raqat_bot/translate_hadith_kk_batch.py", line 761, in main
    with get_db_writer() as conn:
  File "/usr/lib/python3.12/contextlib.py", line 137, in __enter__
    return next(self.gen)
           ^^^^^^^^^^^^^^
  File "/root/bot/raqat_bot/db/get_db.py", line 177, in get_db_writer
    with get_db() as conn:
  File "/usr/lib/python3.12/contextlib.py", line 137, in __enter__
    return next(self.gen)
           ^^^^^^^^^^^^^^
  File "/root/bot/raqat_bot/db/get_db.py", line 139, in get_db
    with psycopg.connect(dsn, row_factory=dict_row) as conn:
         ^^^^^^^^^^^^^^^^^^^^^^^^^^^^^^^^^^^^^^^^^^
  File "/root/bot/raqat_bot/.venv/lib/python3.12/site-packages/psycopg/connection.py", line 122, in connect
    raise last_ex.with_traceback(None)
psycopg.OperationalError: connection is bad: connection to server at "5.75.162.140", port 5432 failed: Network is unreachable
	Is the server running on that host and accepting TCP/IP connections?
[2026-04-17T15:04:52+00:00] RETRY in 20s source=Sahih al-Bukhari

[2026-04-17T15:05:12+00:00] START source=Sahih al-Bukhari from=104862 to=108034
2026-04-17 15:05:15,554 INFO Hadith translation writes to PostgreSQL (DATABASE_URL).
Traceback (most recent call last):
  File "/root/bot/raqat_bot/translate_hadith_kk_batch.py", line 773, in <module>
    main()
  File "/root/bot/raqat_bot/translate_hadith_kk_batch.py", line 761, in main
    with get_db_writer() as conn:
  File "/usr/lib/python3.12/contextlib.py", line 137, in __enter__
    return next(self.gen)
           ^^^^^^^^^^^^^^
  File "/root/bot/raqat_bot/db/get_db.py", line 177, in get_db_writer
    with get_db() as conn:
  File "/usr/lib/python3.12/contextlib.py", line 137, in __enter__
    return next(self.gen)
           ^^^^^^^^^^^^^^
  File "/root/bot/raqat_bot/db/get_db.py", line 139, in get_db
    with psycopg.connect(dsn, row_factory=dict_row) as conn:
         ^^^^^^^^^^^^^^^^^^^^^^^^^^^^^^^^^^^^^^^^^^
  File "/root/bot/raqat_bot/.venv/lib/python3.12/site-packages/psycopg/connection.py", line 122, in connect
    raise last_ex.with_traceback(None)
psycopg.OperationalError: connection is bad: connection to server at "5.75.162.140", port 5432 failed: Network is unreachable
	Is the server running on that host and accepting TCP/IP connections?
[2026-04-17T15:05:16+00:00] RETRY in 20s source=Sahih al-Bukhari

[2026-04-17T15:05:36+00:00] START source=Sahih al-Bukhari from=104862 to=108034
2026-04-17 15:05:40,230 INFO Hadith translation writes to PostgreSQL (DATABASE_URL).
Traceback (most recent call last):
  File "/root/bot/raqat_bot/translate_hadith_kk_batch.py", line 773, in <module>
    main()
  File "/root/bot/raqat_bot/translate_hadith_kk_batch.py", line 761, in main
    with get_db_writer() as conn:
  File "/usr/lib/python3.12/contextlib.py", line 137, in __enter__
    return next(self.gen)
           ^^^^^^^^^^^^^^
  File "/root/bot/raqat_bot/db/get_db.py", line 177, in get_db_writer
    with get_db() as conn:
  File "/usr/lib/python3.12/contextlib.py", line 137, in __enter__
    return next(self.gen)
           ^^^^^^^^^^^^^^
  File "/root/bot/raqat_bot/db/get_db.py", line 139, in get_db
    with psycopg.connect(dsn, row_factory=dict_row) as conn:
         ^^^^^^^^^^^^^^^^^^^^^^^^^^^^^^^^^^^^^^^^^^
  File "/root/bot/raqat_bot/.venv/lib/python3.12/site-packages/psycopg/connection.py", line 122, in connect
    raise last_ex.with_traceback(None)
psycopg.OperationalError: connection is bad: connection to server at "5.75.162.140", port 5432 failed: Network is unreachable
	Is the server running on that host and accepting TCP/IP connections?
[2026-04-17T15:05:41+00:00] RETRY in 20s source=Sahih al-Bukhari

[2026-04-17T15:06:01+00:00] START source=Sahih al-Bukhari from=104862 to=108034
2026-04-17 15:06:05,906 INFO Hadith translation writes to PostgreSQL (DATABASE_URL).
Traceback (most recent call last):
  File "/root/bot/raqat_bot/translate_hadith_kk_batch.py", line 773, in <module>
    main()
  File "/root/bot/raqat_bot/translate_hadith_kk_batch.py", line 761, in main
    with get_db_writer() as conn:
  File "/usr/lib/python3.12/contextlib.py", line 137, in __enter__
    return next(self.gen)
           ^^^^^^^^^^^^^^
  File "/root/bot/raqat_bot/db/get_db.py", line 177, in get_db_writer
    with get_db() as conn:
  File "/usr/lib/python3.12/contextlib.py", line 137, in __enter__
    return next(self.gen)
           ^^^^^^^^^^^^^^
  File "/root/bot/raqat_bot/db/get_db.py", line 139, in get_db
    with psycopg.connect(dsn, row_factory=dict_row) as conn:
         ^^^^^^^^^^^^^^^^^^^^^^^^^^^^^^^^^^^^^^^^^^
  File "/root/bot/raqat_bot/.venv/lib/python3.12/site-packages/psycopg/connection.py", line 122, in connect
    raise last_ex.with_traceback(None)
psycopg.OperationalError: connection is bad: connection to server at "5.75.162.140", port 5432 failed: Network is unreachable
	Is the server running on that host and accepting TCP/IP connections?
[2026-04-17T15:06:06+00:00] RETRY in 20s source=Sahih al-Bukhari

[2026-04-17T15:06:26+00:00] START source=Sahih al-Bukhari from=104862 to=108034
2026-04-17 15:06:30,532 INFO Hadith translation writes to PostgreSQL (DATABASE_URL).
Traceback (most recent call last):
  File "/root/bot/raqat_bot/translate_hadith_kk_batch.py", line 773, in <module>
    main()
  File "/root/bot/raqat_bot/translate_hadith_kk_batch.py", line 761, in main
    with get_db_writer() as conn:
  File "/usr/lib/python3.12/contextlib.py", line 137, in __enter__
    return next(self.gen)
           ^^^^^^^^^^^^^^
  File "/root/bot/raqat_bot/db/get_db.py", line 177, in get_db_writer
    with get_db() as conn:
  File "/usr/lib/python3.12/contextlib.py", line 137, in __enter__
    return next(self.gen)
           ^^^^^^^^^^^^^^
  File "/root/bot/raqat_bot/db/get_db.py", line 139, in get_db
    with psycopg.connect(dsn, row_factory=dict_row) as conn:
         ^^^^^^^^^^^^^^^^^^^^^^^^^^^^^^^^^^^^^^^^^^
  File "/root/bot/raqat_bot/.venv/lib/python3.12/site-packages/psycopg/connection.py", line 122, in connect
    raise last_ex.with_traceback(None)
psycopg.OperationalError: connection is bad: connection to server at "5.75.162.140", port 5432 failed: Network is unreachable
	Is the server running on that host and accepting TCP/IP connections?
[2026-04-17T15:06:31+00:00] RETRY in 20s source=Sahih al-Bukhari

[2026-04-17T15:06:51+00:00] START source=Sahih al-Bukhari from=104862 to=108034
2026-04-17 15:06:54,593 INFO Hadith translation writes to PostgreSQL (DATABASE_URL).
Traceback (most recent call last):
  File "/root/bot/raqat_bot/translate_hadith_kk_batch.py", line 773, in <module>
    main()
  File "/root/bot/raqat_bot/translate_hadith_kk_batch.py", line 761, in main
    with get_db_writer() as conn:
  File "/usr/lib/python3.12/contextlib.py", line 137, in __enter__
    return next(self.gen)
           ^^^^^^^^^^^^^^
  File "/root/bot/raqat_bot/db/get_db.py", line 177, in get_db_writer
    with get_db() as conn:
  File "/usr/lib/python3.12/contextlib.py", line 137, in __enter__
    return next(self.gen)
           ^^^^^^^^^^^^^^
  File "/root/bot/raqat_bot/db/get_db.py", line 139, in get_db
    with psycopg.connect(dsn, row_factory=dict_row) as conn:
         ^^^^^^^^^^^^^^^^^^^^^^^^^^^^^^^^^^^^^^^^^^
  File "/root/bot/raqat_bot/.venv/lib/python3.12/site-packages/psycopg/connection.py", line 122, in connect
    raise last_ex.with_traceback(None)
psycopg.OperationalError: connection is bad: connection to server at "5.75.162.140", port 5432 failed: Network is unreachable
	Is the server running on that host and accepting TCP/IP connections?
[2026-04-17T15:06:55+00:00] RETRY in 20s source=Sahih al-Bukhari

[2026-04-17T15:07:15+00:00] START source=Sahih al-Bukhari from=104862 to=108034
2026-04-17 15:07:18,648 INFO Hadith translation writes to PostgreSQL (DATABASE_URL).
Traceback (most recent call last):
  File "/root/bot/raqat_bot/translate_hadith_kk_batch.py", line 773, in <module>
    main()
  File "/root/bot/raqat_bot/translate_hadith_kk_batch.py", line 761, in main
    with get_db_writer() as conn:
  File "/usr/lib/python3.12/contextlib.py", line 137, in __enter__
    return next(self.gen)
           ^^^^^^^^^^^^^^
  File "/root/bot/raqat_bot/db/get_db.py", line 177, in get_db_writer
    with get_db() as conn:
  File "/usr/lib/python3.12/contextlib.py", line 137, in __enter__
    return next(self.gen)
           ^^^^^^^^^^^^^^
  File "/root/bot/raqat_bot/db/get_db.py", line 139, in get_db
    with psycopg.connect(dsn, row_factory=dict_row) as conn:
         ^^^^^^^^^^^^^^^^^^^^^^^^^^^^^^^^^^^^^^^^^^
  File "/root/bot/raqat_bot/.venv/lib/python3.12/site-packages/psycopg/connection.py", line 122, in connect
    raise last_ex.with_traceback(None)
psycopg.OperationalError: connection is bad: connection to server at "5.75.162.140", port 5432 failed: Network is unreachable
	Is the server running on that host and accepting TCP/IP connections?
[2026-04-17T15:07:19+00:00] RETRY in 20s source=Sahih al-Bukhari

[2026-04-17T15:07:39+00:00] START source=Sahih al-Bukhari from=104862 to=108034
2026-04-17 15:07:42,975 INFO Hadith translation writes to PostgreSQL (DATABASE_URL).
Traceback (most recent call last):
  File "/root/bot/raqat_bot/translate_hadith_kk_batch.py", line 773, in <module>
    main()
  File "/root/bot/raqat_bot/translate_hadith_kk_batch.py", line 761, in main
    with get_db_writer() as conn:
  File "/usr/lib/python3.12/contextlib.py", line 137, in __enter__
    return next(self.gen)
           ^^^^^^^^^^^^^^
  File "/root/bot/raqat_bot/db/get_db.py", line 177, in get_db_writer
    with get_db() as conn:
  File "/usr/lib/python3.12/contextlib.py", line 137, in __enter__
    return next(self.gen)
           ^^^^^^^^^^^^^^
  File "/root/bot/raqat_bot/db/get_db.py", line 139, in get_db
    with psycopg.connect(dsn, row_factory=dict_row) as conn:
         ^^^^^^^^^^^^^^^^^^^^^^^^^^^^^^^^^^^^^^^^^^
  File "/root/bot/raqat_bot/.venv/lib/python3.12/site-packages/psycopg/connection.py", line 122, in connect
    raise last_ex.with_traceback(None)
psycopg.OperationalError: connection is bad: connection to server at "5.75.162.140", port 5432 failed: Network is unreachable
	Is the server running on that host and accepting TCP/IP connections?
[2026-04-17T15:07:43+00:00] RETRY in 20s source=Sahih al-Bukhari

[2026-04-17T15:08:03+00:00] START source=Sahih al-Bukhari from=104862 to=108034
2026-04-17 15:08:07,134 INFO Hadith translation writes to PostgreSQL (DATABASE_URL).
Traceback (most recent call last):
  File "/root/bot/raqat_bot/translate_hadith_kk_batch.py", line 773, in <module>
    main()
  File "/root/bot/raqat_bot/translate_hadith_kk_batch.py", line 761, in main
    with get_db_writer() as conn:
  File "/usr/lib/python3.12/contextlib.py", line 137, in __enter__
    return next(self.gen)
           ^^^^^^^^^^^^^^
  File "/root/bot/raqat_bot/db/get_db.py", line 177, in get_db_writer
    with get_db() as conn:
  File "/usr/lib/python3.12/contextlib.py", line 137, in __enter__
    return next(self.gen)
           ^^^^^^^^^^^^^^
  File "/root/bot/raqat_bot/db/get_db.py", line 139, in get_db
    with psycopg.connect(dsn, row_factory=dict_row) as conn:
         ^^^^^^^^^^^^^^^^^^^^^^^^^^^^^^^^^^^^^^^^^^
  File "/root/bot/raqat_bot/.venv/lib/python3.12/site-packages/psycopg/connection.py", line 122, in connect
    raise last_ex.with_traceback(None)
psycopg.OperationalError: connection is bad: connection to server at "5.75.162.140", port 5432 failed: Network is unreachable
	Is the server running on that host and accepting TCP/IP connections?
[2026-04-17T15:08:07+00:00] RETRY in 20s source=Sahih al-Bukhari

[2026-04-17T15:08:27+00:00] START source=Sahih al-Bukhari from=104862 to=108034
2026-04-17 15:08:30,731 INFO Hadith translation writes to PostgreSQL (DATABASE_URL).
Traceback (most recent call last):
  File "/root/bot/raqat_bot/translate_hadith_kk_batch.py", line 773, in <module>
    main()
  File "/root/bot/raqat_bot/translate_hadith_kk_batch.py", line 761, in main
    with get_db_writer() as conn:
  File "/usr/lib/python3.12/contextlib.py", line 137, in __enter__
    return next(self.gen)
           ^^^^^^^^^^^^^^
  File "/root/bot/raqat_bot/db/get_db.py", line 177, in get_db_writer
    with get_db() as conn:
  File "/usr/lib/python3.12/contextlib.py", line 137, in __enter__
    return next(self.gen)
           ^^^^^^^^^^^^^^
  File "/root/bot/raqat_bot/db/get_db.py", line 139, in get_db
    with psycopg.connect(dsn, row_factory=dict_row) as conn:
         ^^^^^^^^^^^^^^^^^^^^^^^^^^^^^^^^^^^^^^^^^^
  File "/root/bot/raqat_bot/.venv/lib/python3.12/site-packages/psycopg/connection.py", line 122, in connect
    raise last_ex.with_traceback(None)
psycopg.OperationalError: connection is bad: connection to server at "5.75.162.140", port 5432 failed: Network is unreachable
	Is the server running on that host and accepting TCP/IP connections?
[2026-04-17T15:08:31+00:00] RETRY in 20s source=Sahih al-Bukhari

[2026-04-17T15:08:51+00:00] START source=Sahih al-Bukhari from=104862 to=108034
2026-04-17 15:09:01,046 INFO Hadith translation writes to PostgreSQL (DATABASE_URL).
Traceback (most recent call last):
  File "/root/bot/raqat_bot/translate_hadith_kk_batch.py", line 773, in <module>
    main()
  File "/root/bot/raqat_bot/translate_hadith_kk_batch.py", line 761, in main
    with get_db_writer() as conn:
  File "/usr/lib/python3.12/contextlib.py", line 137, in __enter__
    return next(self.gen)
           ^^^^^^^^^^^^^^
  File "/root/bot/raqat_bot/db/get_db.py", line 177, in get_db_writer
    with get_db() as conn:
  File "/usr/lib/python3.12/contextlib.py", line 137, in __enter__
    return next(self.gen)
           ^^^^^^^^^^^^^^
  File "/root/bot/raqat_bot/db/get_db.py", line 139, in get_db
    with psycopg.connect(dsn, row_factory=dict_row) as conn:
         ^^^^^^^^^^^^^^^^^^^^^^^^^^^^^^^^^^^^^^^^^^
  File "/root/bot/raqat_bot/.venv/lib/python3.12/site-packages/psycopg/connection.py", line 122, in connect
    raise last_ex.with_traceback(None)
psycopg.OperationalError: connection is bad: connection to server at "5.75.162.140", port 5432 failed: Network is unreachable
	Is the server running on that host and accepting TCP/IP connections?
[2026-04-17T15:09:04+00:00] RETRY in 20s source=Sahih al-Bukhari

[2026-04-17T15:09:24+00:00] START source=Sahih al-Bukhari from=104862 to=108034
2026-04-17 15:09:38,118 INFO Hadith translation writes to PostgreSQL (DATABASE_URL).
Traceback (most recent call last):
  File "/root/bot/raqat_bot/translate_hadith_kk_batch.py", line 773, in <module>
    main()
  File "/root/bot/raqat_bot/translate_hadith_kk_batch.py", line 761, in main
    with get_db_writer() as conn:
  File "/usr/lib/python3.12/contextlib.py", line 137, in __enter__
    return next(self.gen)
           ^^^^^^^^^^^^^^
  File "/root/bot/raqat_bot/db/get_db.py", line 177, in get_db_writer
    with get_db() as conn:
  File "/usr/lib/python3.12/contextlib.py", line 137, in __enter__
    return next(self.gen)
           ^^^^^^^^^^^^^^
  File "/root/bot/raqat_bot/db/get_db.py", line 139, in get_db
    with psycopg.connect(dsn, row_factory=dict_row) as conn:
         ^^^^^^^^^^^^^^^^^^^^^^^^^^^^^^^^^^^^^^^^^^
  File "/root/bot/raqat_bot/.venv/lib/python3.12/site-packages/psycopg/connection.py", line 122, in connect
    raise last_ex.with_traceback(None)
psycopg.OperationalError: connection is bad: connection to server at "5.75.162.140", port 5432 failed: Network is unreachable
	Is the server running on that host and accepting TCP/IP connections?
[2026-04-17T15:09:41+00:00] RETRY in 20s source=Sahih al-Bukhari

[2026-04-17T15:10:01+00:00] START source=Sahih al-Bukhari from=104862 to=108034
2026-04-17 15:10:05,443 INFO Hadith translation writes to PostgreSQL (DATABASE_URL).
Traceback (most recent call last):
  File "/root/bot/raqat_bot/translate_hadith_kk_batch.py", line 773, in <module>
    main()
  File "/root/bot/raqat_bot/translate_hadith_kk_batch.py", line 761, in main
    with get_db_writer() as conn:
  File "/usr/lib/python3.12/contextlib.py", line 137, in __enter__
    return next(self.gen)
           ^^^^^^^^^^^^^^
  File "/root/bot/raqat_bot/db/get_db.py", line 177, in get_db_writer
    with get_db() as conn:
  File "/usr/lib/python3.12/contextlib.py", line 137, in __enter__
    return next(self.gen)
           ^^^^^^^^^^^^^^
  File "/root/bot/raqat_bot/db/get_db.py", line 139, in get_db
    with psycopg.connect(dsn, row_factory=dict_row) as conn:
         ^^^^^^^^^^^^^^^^^^^^^^^^^^^^^^^^^^^^^^^^^^
  File "/root/bot/raqat_bot/.venv/lib/python3.12/site-packages/psycopg/connection.py", line 122, in connect
    raise last_ex.with_traceback(None)
psycopg.OperationalError: connection is bad: connection to server at "5.75.162.140", port 5432 failed: Network is unreachable
	Is the server running on that host and accepting TCP/IP connections?
[2026-04-17T15:10:06+00:00] RETRY in 20s source=Sahih al-Bukhari

[2026-04-17T15:10:26+00:00] START source=Sahih al-Bukhari from=104862 to=108034
2026-04-17 15:10:29,993 INFO Hadith translation writes to PostgreSQL (DATABASE_URL).
Traceback (most recent call last):
  File "/root/bot/raqat_bot/translate_hadith_kk_batch.py", line 773, in <module>
    main()
  File "/root/bot/raqat_bot/translate_hadith_kk_batch.py", line 761, in main
    with get_db_writer() as conn:
  File "/usr/lib/python3.12/contextlib.py", line 137, in __enter__
    return next(self.gen)
           ^^^^^^^^^^^^^^
  File "/root/bot/raqat_bot/db/get_db.py", line 177, in get_db_writer
    with get_db() as conn:
  File "/usr/lib/python3.12/contextlib.py", line 137, in __enter__
    return next(self.gen)
           ^^^^^^^^^^^^^^
  File "/root/bot/raqat_bot/db/get_db.py", line 139, in get_db
    with psycopg.connect(dsn, row_factory=dict_row) as conn:
         ^^^^^^^^^^^^^^^^^^^^^^^^^^^^^^^^^^^^^^^^^^
  File "/root/bot/raqat_bot/.venv/lib/python3.12/site-packages/psycopg/connection.py", line 122, in connect
    raise last_ex.with_traceback(None)
psycopg.OperationalError: connection is bad: connection to server at "5.75.162.140", port 5432 failed: Network is unreachable
	Is the server running on that host and accepting TCP/IP connections?
[2026-04-17T15:10:30+00:00] RETRY in 20s source=Sahih al-Bukhari

[2026-04-17T15:10:50+00:00] START source=Sahih al-Bukhari from=104862 to=108034
2026-04-17 15:10:55,523 INFO Hadith translation writes to PostgreSQL (DATABASE_URL).
Traceback (most recent call last):
  File "/root/bot/raqat_bot/translate_hadith_kk_batch.py", line 773, in <module>
    main()
  File "/root/bot/raqat_bot/translate_hadith_kk_batch.py", line 761, in main
    with get_db_writer() as conn:
  File "/usr/lib/python3.12/contextlib.py", line 137, in __enter__
    return next(self.gen)
           ^^^^^^^^^^^^^^
  File "/root/bot/raqat_bot/db/get_db.py", line 177, in get_db_writer
    with get_db() as conn:
  File "/usr/lib/python3.12/contextlib.py", line 137, in __enter__
    return next(self.gen)
           ^^^^^^^^^^^^^^
  File "/root/bot/raqat_bot/db/get_db.py", line 139, in get_db
    with psycopg.connect(dsn, row_factory=dict_row) as conn:
         ^^^^^^^^^^^^^^^^^^^^^^^^^^^^^^^^^^^^^^^^^^
  File "/root/bot/raqat_bot/.venv/lib/python3.12/site-packages/psycopg/connection.py", line 122, in connect
    raise last_ex.with_traceback(None)
psycopg.OperationalError: connection is bad: connection to server at "5.75.162.140", port 5432 failed: Network is unreachable
	Is the server running on that host and accepting TCP/IP connections?
[2026-04-17T15:10:56+00:00] RETRY in 20s source=Sahih al-Bukhari

[2026-04-17T15:11:16+00:00] START source=Sahih al-Bukhari from=104862 to=108034
2026-04-17 15:11:19,866 INFO Hadith translation writes to PostgreSQL (DATABASE_URL).
Traceback (most recent call last):
  File "/root/bot/raqat_bot/translate_hadith_kk_batch.py", line 773, in <module>
    main()
  File "/root/bot/raqat_bot/translate_hadith_kk_batch.py", line 761, in main
    with get_db_writer() as conn:
  File "/usr/lib/python3.12/contextlib.py", line 137, in __enter__
    return next(self.gen)
           ^^^^^^^^^^^^^^
  File "/root/bot/raqat_bot/db/get_db.py", line 177, in get_db_writer
    with get_db() as conn:
  File "/usr/lib/python3.12/contextlib.py", line 137, in __enter__
    return next(self.gen)
           ^^^^^^^^^^^^^^
  File "/root/bot/raqat_bot/db/get_db.py", line 139, in get_db
    with psycopg.connect(dsn, row_factory=dict_row) as conn:
         ^^^^^^^^^^^^^^^^^^^^^^^^^^^^^^^^^^^^^^^^^^
  File "/root/bot/raqat_bot/.venv/lib/python3.12/site-packages/psycopg/connection.py", line 122, in connect
    raise last_ex.with_traceback(None)
psycopg.OperationalError: connection is bad: connection to server at "5.75.162.140", port 5432 failed: Network is unreachable
	Is the server running on that host and accepting TCP/IP connections?
[2026-04-17T15:11:20+00:00] RETRY in 20s source=Sahih al-Bukhari

[2026-04-17T15:11:40+00:00] START source=Sahih al-Bukhari from=104862 to=108034
2026-04-17 15:11:47,934 INFO Hadith translation writes to PostgreSQL (DATABASE_URL).
Traceback (most recent call last):
  File "/root/bot/raqat_bot/translate_hadith_kk_batch.py", line 773, in <module>
    main()
  File "/root/bot/raqat_bot/translate_hadith_kk_batch.py", line 761, in main
    with get_db_writer() as conn:
  File "/usr/lib/python3.12/contextlib.py", line 137, in __enter__
    return next(self.gen)
           ^^^^^^^^^^^^^^
  File "/root/bot/raqat_bot/db/get_db.py", line 177, in get_db_writer
    with get_db() as conn:
  File "/usr/lib/python3.12/contextlib.py", line 137, in __enter__
    return next(self.gen)
           ^^^^^^^^^^^^^^
  File "/root/bot/raqat_bot/db/get_db.py", line 139, in get_db
    with psycopg.connect(dsn, row_factory=dict_row) as conn:
         ^^^^^^^^^^^^^^^^^^^^^^^^^^^^^^^^^^^^^^^^^^
  File "/root/bot/raqat_bot/.venv/lib/python3.12/site-packages/psycopg/connection.py", line 122, in connect
    raise last_ex.with_traceback(None)
psycopg.OperationalError: connection is bad: connection to server at "5.75.162.140", port 5432 failed: Network is unreachable
	Is the server running on that host and accepting TCP/IP connections?
[2026-04-17T15:11:51+00:00] RETRY in 20s source=Sahih al-Bukhari

[2026-04-17T15:12:11+00:00] START source=Sahih al-Bukhari from=104862 to=108034
2026-04-17 15:12:17,684 INFO Hadith translation writes to PostgreSQL (DATABASE_URL).
Traceback (most recent call last):
  File "/root/bot/raqat_bot/translate_hadith_kk_batch.py", line 773, in <module>
    main()
  File "/root/bot/raqat_bot/translate_hadith_kk_batch.py", line 761, in main
    with get_db_writer() as conn:
  File "/usr/lib/python3.12/contextlib.py", line 137, in __enter__
    return next(self.gen)
           ^^^^^^^^^^^^^^
  File "/root/bot/raqat_bot/db/get_db.py", line 177, in get_db_writer
    with get_db() as conn:
  File "/usr/lib/python3.12/contextlib.py", line 137, in __enter__
    return next(self.gen)
           ^^^^^^^^^^^^^^
  File "/root/bot/raqat_bot/db/get_db.py", line 139, in get_db
    with psycopg.connect(dsn, row_factory=dict_row) as conn:
         ^^^^^^^^^^^^^^^^^^^^^^^^^^^^^^^^^^^^^^^^^^
  File "/root/bot/raqat_bot/.venv/lib/python3.12/site-packages/psycopg/connection.py", line 122, in connect
    raise last_ex.with_traceback(None)
psycopg.OperationalError: connection is bad: connection to server at "5.75.162.140", port 5432 failed: Network is unreachable
	Is the server running on that host and accepting TCP/IP connections?
[2026-04-17T15:12:20+00:00] RETRY in 20s source=Sahih al-Bukhari

[2026-04-17T15:12:40+00:00] START source=Sahih al-Bukhari from=104862 to=108034
2026-04-17 15:12:44,390 INFO Hadith translation writes to PostgreSQL (DATABASE_URL).
Traceback (most recent call last):
  File "/root/bot/raqat_bot/translate_hadith_kk_batch.py", line 773, in <module>
    main()
  File "/root/bot/raqat_bot/translate_hadith_kk_batch.py", line 761, in main
    with get_db_writer() as conn:
  File "/usr/lib/python3.12/contextlib.py", line 137, in __enter__
    return next(self.gen)
           ^^^^^^^^^^^^^^
  File "/root/bot/raqat_bot/db/get_db.py", line 177, in get_db_writer
    with get_db() as conn:
  File "/usr/lib/python3.12/contextlib.py", line 137, in __enter__
    return next(self.gen)
           ^^^^^^^^^^^^^^
  File "/root/bot/raqat_bot/db/get_db.py", line 139, in get_db
    with psycopg.connect(dsn, row_factory=dict_row) as conn:
         ^^^^^^^^^^^^^^^^^^^^^^^^^^^^^^^^^^^^^^^^^^
  File "/root/bot/raqat_bot/.venv/lib/python3.12/site-packages/psycopg/connection.py", line 122, in connect
    raise last_ex.with_traceback(None)
psycopg.OperationalError: connection is bad: connection to server at "5.75.162.140", port 5432 failed: Network is unreachable
	Is the server running on that host and accepting TCP/IP connections?
[2026-04-17T15:12:45+00:00] RETRY in 20s source=Sahih al-Bukhari

[2026-04-17T15:13:05+00:00] START source=Sahih al-Bukhari from=104862 to=108034
2026-04-17 15:13:08,207 INFO Hadith translation writes to PostgreSQL (DATABASE_URL).
Traceback (most recent call last):
  File "/root/bot/raqat_bot/translate_hadith_kk_batch.py", line 773, in <module>
    main()
  File "/root/bot/raqat_bot/translate_hadith_kk_batch.py", line 761, in main
    with get_db_writer() as conn:
  File "/usr/lib/python3.12/contextlib.py", line 137, in __enter__
    return next(self.gen)
           ^^^^^^^^^^^^^^
  File "/root/bot/raqat_bot/db/get_db.py", line 177, in get_db_writer
    with get_db() as conn:
  File "/usr/lib/python3.12/contextlib.py", line 137, in __enter__
    return next(self.gen)
           ^^^^^^^^^^^^^^
  File "/root/bot/raqat_bot/db/get_db.py", line 139, in get_db
    with psycopg.connect(dsn, row_factory=dict_row) as conn:
         ^^^^^^^^^^^^^^^^^^^^^^^^^^^^^^^^^^^^^^^^^^
  File "/root/bot/raqat_bot/.venv/lib/python3.12/site-packages/psycopg/connection.py", line 122, in connect
    raise last_ex.with_traceback(None)
psycopg.OperationalError: connection is bad: connection to server at "5.75.162.140", port 5432 failed: Network is unreachable
	Is the server running on that host and accepting TCP/IP connections?
[2026-04-17T15:13:09+00:00] RETRY in 20s source=Sahih al-Bukhari

[2026-04-17T15:13:29+00:00] START source=Sahih al-Bukhari from=104862 to=108034
2026-04-17 15:13:34,194 INFO Hadith translation writes to PostgreSQL (DATABASE_URL).
Traceback (most recent call last):
  File "/root/bot/raqat_bot/translate_hadith_kk_batch.py", line 773, in <module>
    main()
  File "/root/bot/raqat_bot/translate_hadith_kk_batch.py", line 761, in main
    with get_db_writer() as conn:
  File "/usr/lib/python3.12/contextlib.py", line 137, in __enter__
    return next(self.gen)
           ^^^^^^^^^^^^^^
  File "/root/bot/raqat_bot/db/get_db.py", line 177, in get_db_writer
    with get_db() as conn:
  File "/usr/lib/python3.12/contextlib.py", line 137, in __enter__
    return next(self.gen)
           ^^^^^^^^^^^^^^
  File "/root/bot/raqat_bot/db/get_db.py", line 139, in get_db
    with psycopg.connect(dsn, row_factory=dict_row) as conn:
         ^^^^^^^^^^^^^^^^^^^^^^^^^^^^^^^^^^^^^^^^^^
  File "/root/bot/raqat_bot/.venv/lib/python3.12/site-packages/psycopg/connection.py", line 122, in connect
    raise last_ex.with_traceback(None)
psycopg.OperationalError: connection is bad: connection to server at "5.75.162.140", port 5432 failed: Network is unreachable
	Is the server running on that host and accepting TCP/IP connections?
[2026-04-17T15:13:35+00:00] RETRY in 20s source=Sahih al-Bukhari

[2026-04-17T15:13:55+00:00] START source=Sahih al-Bukhari from=104862 to=108034
2026-04-17 15:13:59,491 INFO Hadith translation writes to PostgreSQL (DATABASE_URL).
Traceback (most recent call last):
  File "/root/bot/raqat_bot/translate_hadith_kk_batch.py", line 773, in <module>
    main()
  File "/root/bot/raqat_bot/translate_hadith_kk_batch.py", line 761, in main
    with get_db_writer() as conn:
  File "/usr/lib/python3.12/contextlib.py", line 137, in __enter__
    return next(self.gen)
           ^^^^^^^^^^^^^^
  File "/root/bot/raqat_bot/db/get_db.py", line 177, in get_db_writer
    with get_db() as conn:
  File "/usr/lib/python3.12/contextlib.py", line 137, in __enter__
    return next(self.gen)
           ^^^^^^^^^^^^^^
  File "/root/bot/raqat_bot/db/get_db.py", line 139, in get_db
    with psycopg.connect(dsn, row_factory=dict_row) as conn:
         ^^^^^^^^^^^^^^^^^^^^^^^^^^^^^^^^^^^^^^^^^^
  File "/root/bot/raqat_bot/.venv/lib/python3.12/site-packages/psycopg/connection.py", line 122, in connect
    raise last_ex.with_traceback(None)
psycopg.OperationalError: connection is bad: connection to server at "5.75.162.140", port 5432 failed: Network is unreachable
	Is the server running on that host and accepting TCP/IP connections?
[2026-04-17T15:14:00+00:00] RETRY in 20s source=Sahih al-Bukhari

[2026-04-17T15:14:20+00:00] START source=Sahih al-Bukhari from=104862 to=108034
2026-04-17 15:14:24,898 INFO Hadith translation writes to PostgreSQL (DATABASE_URL).
Traceback (most recent call last):
  File "/root/bot/raqat_bot/translate_hadith_kk_batch.py", line 773, in <module>
    main()
  File "/root/bot/raqat_bot/translate_hadith_kk_batch.py", line 761, in main
    with get_db_writer() as conn:
  File "/usr/lib/python3.12/contextlib.py", line 137, in __enter__
    return next(self.gen)
           ^^^^^^^^^^^^^^
  File "/root/bot/raqat_bot/db/get_db.py", line 177, in get_db_writer
    with get_db() as conn:
  File "/usr/lib/python3.12/contextlib.py", line 137, in __enter__
    return next(self.gen)
           ^^^^^^^^^^^^^^
  File "/root/bot/raqat_bot/db/get_db.py", line 139, in get_db
    with psycopg.connect(dsn, row_factory=dict_row) as conn:
         ^^^^^^^^^^^^^^^^^^^^^^^^^^^^^^^^^^^^^^^^^^
  File "/root/bot/raqat_bot/.venv/lib/python3.12/site-packages/psycopg/connection.py", line 122, in connect
    raise last_ex.with_traceback(None)
psycopg.OperationalError: connection is bad: connection to server at "5.75.162.140", port 5432 failed: Network is unreachable
	Is the server running on that host and accepting TCP/IP connections?
[2026-04-17T15:14:26+00:00] RETRY in 20s source=Sahih al-Bukhari

[2026-04-17T15:14:46+00:00] START source=Sahih al-Bukhari from=104862 to=108034
2026-04-17 15:14:50,477 INFO Hadith translation writes to PostgreSQL (DATABASE_URL).
Traceback (most recent call last):
  File "/root/bot/raqat_bot/translate_hadith_kk_batch.py", line 773, in <module>
    main()
  File "/root/bot/raqat_bot/translate_hadith_kk_batch.py", line 761, in main
    with get_db_writer() as conn:
  File "/usr/lib/python3.12/contextlib.py", line 137, in __enter__
    return next(self.gen)
           ^^^^^^^^^^^^^^
  File "/root/bot/raqat_bot/db/get_db.py", line 177, in get_db_writer
    with get_db() as conn:
  File "/usr/lib/python3.12/contextlib.py", line 137, in __enter__
    return next(self.gen)
           ^^^^^^^^^^^^^^
  File "/root/bot/raqat_bot/db/get_db.py", line 139, in get_db
    with psycopg.connect(dsn, row_factory=dict_row) as conn:
         ^^^^^^^^^^^^^^^^^^^^^^^^^^^^^^^^^^^^^^^^^^
  File "/root/bot/raqat_bot/.venv/lib/python3.12/site-packages/psycopg/connection.py", line 122, in connect
    raise last_ex.with_traceback(None)
psycopg.OperationalError: connection is bad: connection to server at "5.75.162.140", port 5432 failed: Network is unreachable
	Is the server running on that host and accepting TCP/IP connections?
[2026-04-17T15:14:51+00:00] RETRY in 20s source=Sahih al-Bukhari

[2026-04-17T15:15:11+00:00] START source=Sahih al-Bukhari from=104862 to=108034
2026-04-17 15:15:15,387 INFO Hadith translation writes to PostgreSQL (DATABASE_URL).
Traceback (most recent call last):
  File "/root/bot/raqat_bot/translate_hadith_kk_batch.py", line 773, in <module>
    main()
  File "/root/bot/raqat_bot/translate_hadith_kk_batch.py", line 761, in main
    with get_db_writer() as conn:
  File "/usr/lib/python3.12/contextlib.py", line 137, in __enter__
    return next(self.gen)
           ^^^^^^^^^^^^^^
  File "/root/bot/raqat_bot/db/get_db.py", line 177, in get_db_writer
    with get_db() as conn:
  File "/usr/lib/python3.12/contextlib.py", line 137, in __enter__
    return next(self.gen)
           ^^^^^^^^^^^^^^
  File "/root/bot/raqat_bot/db/get_db.py", line 139, in get_db
    with psycopg.connect(dsn, row_factory=dict_row) as conn:
         ^^^^^^^^^^^^^^^^^^^^^^^^^^^^^^^^^^^^^^^^^^
  File "/root/bot/raqat_bot/.venv/lib/python3.12/site-packages/psycopg/connection.py", line 122, in connect
    raise last_ex.with_traceback(None)
psycopg.OperationalError: connection is bad: connection to server at "5.75.162.140", port 5432 failed: Network is unreachable
	Is the server running on that host and accepting TCP/IP connections?
[2026-04-17T15:15:16+00:00] RETRY in 20s source=Sahih al-Bukhari

[2026-04-17T15:15:36+00:00] START source=Sahih al-Bukhari from=104862 to=108034
2026-04-17 15:15:40,035 INFO Hadith translation writes to PostgreSQL (DATABASE_URL).
Traceback (most recent call last):
  File "/root/bot/raqat_bot/translate_hadith_kk_batch.py", line 773, in <module>
    main()
  File "/root/bot/raqat_bot/translate_hadith_kk_batch.py", line 761, in main
    with get_db_writer() as conn:
  File "/usr/lib/python3.12/contextlib.py", line 137, in __enter__
    return next(self.gen)
           ^^^^^^^^^^^^^^
  File "/root/bot/raqat_bot/db/get_db.py", line 177, in get_db_writer
    with get_db() as conn:
  File "/usr/lib/python3.12/contextlib.py", line 137, in __enter__
    return next(self.gen)
           ^^^^^^^^^^^^^^
  File "/root/bot/raqat_bot/db/get_db.py", line 139, in get_db
    with psycopg.connect(dsn, row_factory=dict_row) as conn:
         ^^^^^^^^^^^^^^^^^^^^^^^^^^^^^^^^^^^^^^^^^^
  File "/root/bot/raqat_bot/.venv/lib/python3.12/site-packages/psycopg/connection.py", line 122, in connect
    raise last_ex.with_traceback(None)
psycopg.OperationalError: connection is bad: connection to server at "5.75.162.140", port 5432 failed: Network is unreachable
	Is the server running on that host and accepting TCP/IP connections?
[2026-04-17T15:15:40+00:00] RETRY in 20s source=Sahih al-Bukhari

[2026-04-17T15:16:00+00:00] START source=Sahih al-Bukhari from=104862 to=108034
2026-04-17 15:16:05,622 INFO Hadith translation writes to PostgreSQL (DATABASE_URL).
Traceback (most recent call last):
  File "/root/bot/raqat_bot/translate_hadith_kk_batch.py", line 773, in <module>
    main()
  File "/root/bot/raqat_bot/translate_hadith_kk_batch.py", line 761, in main
    with get_db_writer() as conn:
  File "/usr/lib/python3.12/contextlib.py", line 137, in __enter__
    return next(self.gen)
           ^^^^^^^^^^^^^^
  File "/root/bot/raqat_bot/db/get_db.py", line 177, in get_db_writer
    with get_db() as conn:
  File "/usr/lib/python3.12/contextlib.py", line 137, in __enter__
    return next(self.gen)
           ^^^^^^^^^^^^^^
  File "/root/bot/raqat_bot/db/get_db.py", line 139, in get_db
    with psycopg.connect(dsn, row_factory=dict_row) as conn:
         ^^^^^^^^^^^^^^^^^^^^^^^^^^^^^^^^^^^^^^^^^^
  File "/root/bot/raqat_bot/.venv/lib/python3.12/site-packages/psycopg/connection.py", line 122, in connect
    raise last_ex.with_traceback(None)
psycopg.OperationalError: connection is bad: connection to server at "5.75.162.140", port 5432 failed: Network is unreachable
	Is the server running on that host and accepting TCP/IP connections?
[2026-04-17T15:16:06+00:00] RETRY in 20s source=Sahih al-Bukhari

[2026-04-17T15:16:26+00:00] START source=Sahih al-Bukhari from=104862 to=108034
2026-04-17 15:16:31,155 INFO Hadith translation writes to PostgreSQL (DATABASE_URL).
Traceback (most recent call last):
  File "/root/bot/raqat_bot/translate_hadith_kk_batch.py", line 773, in <module>
    main()
  File "/root/bot/raqat_bot/translate_hadith_kk_batch.py", line 761, in main
    with get_db_writer() as conn:
  File "/usr/lib/python3.12/contextlib.py", line 137, in __enter__
    return next(self.gen)
           ^^^^^^^^^^^^^^
  File "/root/bot/raqat_bot/db/get_db.py", line 177, in get_db_writer
    with get_db() as conn:
  File "/usr/lib/python3.12/contextlib.py", line 137, in __enter__
    return next(self.gen)
           ^^^^^^^^^^^^^^
  File "/root/bot/raqat_bot/db/get_db.py", line 139, in get_db
    with psycopg.connect(dsn, row_factory=dict_row) as conn:
         ^^^^^^^^^^^^^^^^^^^^^^^^^^^^^^^^^^^^^^^^^^
  File "/root/bot/raqat_bot/.venv/lib/python3.12/site-packages/psycopg/connection.py", line 122, in connect
    raise last_ex.with_traceback(None)
psycopg.OperationalError: connection is bad: connection to server at "5.75.162.140", port 5432 failed: Network is unreachable
	Is the server running on that host and accepting TCP/IP connections?
[2026-04-17T15:16:32+00:00] RETRY in 20s source=Sahih al-Bukhari

[2026-04-17T15:16:52+00:00] START source=Sahih al-Bukhari from=104862 to=108034
2026-04-17 15:16:55,955 INFO Hadith translation writes to PostgreSQL (DATABASE_URL).
Traceback (most recent call last):
  File "/root/bot/raqat_bot/translate_hadith_kk_batch.py", line 773, in <module>
    main()
  File "/root/bot/raqat_bot/translate_hadith_kk_batch.py", line 761, in main
    with get_db_writer() as conn:
  File "/usr/lib/python3.12/contextlib.py", line 137, in __enter__
    return next(self.gen)
           ^^^^^^^^^^^^^^
  File "/root/bot/raqat_bot/db/get_db.py", line 177, in get_db_writer
    with get_db() as conn:
  File "/usr/lib/python3.12/contextlib.py", line 137, in __enter__
    return next(self.gen)
           ^^^^^^^^^^^^^^
  File "/root/bot/raqat_bot/db/get_db.py", line 139, in get_db
    with psycopg.connect(dsn, row_factory=dict_row) as conn:
         ^^^^^^^^^^^^^^^^^^^^^^^^^^^^^^^^^^^^^^^^^^
  File "/root/bot/raqat_bot/.venv/lib/python3.12/site-packages/psycopg/connection.py", line 122, in connect
    raise last_ex.with_traceback(None)
psycopg.OperationalError: connection is bad: connection to server at "5.75.162.140", port 5432 failed: Network is unreachable
	Is the server running on that host and accepting TCP/IP connections?
[2026-04-17T15:16:56+00:00] RETRY in 20s source=Sahih al-Bukhari

[2026-04-17T15:17:16+00:00] START source=Sahih al-Bukhari from=104862 to=108034
2026-04-17 15:17:19,677 INFO Hadith translation writes to PostgreSQL (DATABASE_URL).
Traceback (most recent call last):
  File "/root/bot/raqat_bot/translate_hadith_kk_batch.py", line 773, in <module>
    main()
  File "/root/bot/raqat_bot/translate_hadith_kk_batch.py", line 761, in main
    with get_db_writer() as conn:
  File "/usr/lib/python3.12/contextlib.py", line 137, in __enter__
    return next(self.gen)
           ^^^^^^^^^^^^^^
  File "/root/bot/raqat_bot/db/get_db.py", line 177, in get_db_writer
    with get_db() as conn:
  File "/usr/lib/python3.12/contextlib.py", line 137, in __enter__
    return next(self.gen)
           ^^^^^^^^^^^^^^
  File "/root/bot/raqat_bot/db/get_db.py", line 139, in get_db
    with psycopg.connect(dsn, row_factory=dict_row) as conn:
         ^^^^^^^^^^^^^^^^^^^^^^^^^^^^^^^^^^^^^^^^^^
  File "/root/bot/raqat_bot/.venv/lib/python3.12/site-packages/psycopg/connection.py", line 122, in connect
    raise last_ex.with_traceback(None)
psycopg.OperationalError: connection is bad: connection to server at "5.75.162.140", port 5432 failed: Network is unreachable
	Is the server running on that host and accepting TCP/IP connections?
[2026-04-17T15:17:20+00:00] RETRY in 20s source=Sahih al-Bukhari

[2026-04-17T15:17:40+00:00] START source=Sahih al-Bukhari from=104862 to=108034
2026-04-17 15:17:42,988 INFO Hadith translation writes to PostgreSQL (DATABASE_URL).
Traceback (most recent call last):
  File "/root/bot/raqat_bot/translate_hadith_kk_batch.py", line 773, in <module>
    main()
  File "/root/bot/raqat_bot/translate_hadith_kk_batch.py", line 761, in main
    with get_db_writer() as conn:
  File "/usr/lib/python3.12/contextlib.py", line 137, in __enter__
    return next(self.gen)
           ^^^^^^^^^^^^^^
  File "/root/bot/raqat_bot/db/get_db.py", line 177, in get_db_writer
    with get_db() as conn:
  File "/usr/lib/python3.12/contextlib.py", line 137, in __enter__
    return next(self.gen)
           ^^^^^^^^^^^^^^
  File "/root/bot/raqat_bot/db/get_db.py", line 139, in get_db
    with psycopg.connect(dsn, row_factory=dict_row) as conn:
         ^^^^^^^^^^^^^^^^^^^^^^^^^^^^^^^^^^^^^^^^^^
  File "/root/bot/raqat_bot/.venv/lib/python3.12/site-packages/psycopg/connection.py", line 122, in connect
    raise last_ex.with_traceback(None)
psycopg.OperationalError: connection is bad: connection to server at "5.75.162.140", port 5432 failed: Network is unreachable
	Is the server running on that host and accepting TCP/IP connections?
[2026-04-17T15:17:43+00:00] RETRY in 20s source=Sahih al-Bukhari

[2026-04-17T15:18:03+00:00] START source=Sahih al-Bukhari from=104862 to=108034
2026-04-17 15:18:07,582 INFO Hadith translation writes to PostgreSQL (DATABASE_URL).
Traceback (most recent call last):
  File "/root/bot/raqat_bot/translate_hadith_kk_batch.py", line 773, in <module>
    main()
  File "/root/bot/raqat_bot/translate_hadith_kk_batch.py", line 761, in main
    with get_db_writer() as conn:
  File "/usr/lib/python3.12/contextlib.py", line 137, in __enter__
    return next(self.gen)
           ^^^^^^^^^^^^^^
  File "/root/bot/raqat_bot/db/get_db.py", line 177, in get_db_writer
    with get_db() as conn:
  File "/usr/lib/python3.12/contextlib.py", line 137, in __enter__
    return next(self.gen)
           ^^^^^^^^^^^^^^
  File "/root/bot/raqat_bot/db/get_db.py", line 139, in get_db
    with psycopg.connect(dsn, row_factory=dict_row) as conn:
         ^^^^^^^^^^^^^^^^^^^^^^^^^^^^^^^^^^^^^^^^^^
  File "/root/bot/raqat_bot/.venv/lib/python3.12/site-packages/psycopg/connection.py", line 122, in connect
    raise last_ex.with_traceback(None)
psycopg.OperationalError: connection is bad: connection to server at "5.75.162.140", port 5432 failed: Network is unreachable
	Is the server running on that host and accepting TCP/IP connections?
[2026-04-17T15:18:08+00:00] RETRY in 20s source=Sahih al-Bukhari

[2026-04-17T15:18:28+00:00] START source=Sahih al-Bukhari from=104862 to=108034
2026-04-17 15:18:31,957 INFO Hadith translation writes to PostgreSQL (DATABASE_URL).
Traceback (most recent call last):
  File "/root/bot/raqat_bot/translate_hadith_kk_batch.py", line 773, in <module>
    main()
  File "/root/bot/raqat_bot/translate_hadith_kk_batch.py", line 761, in main
    with get_db_writer() as conn:
  File "/usr/lib/python3.12/contextlib.py", line 137, in __enter__
    return next(self.gen)
           ^^^^^^^^^^^^^^
  File "/root/bot/raqat_bot/db/get_db.py", line 177, in get_db_writer
    with get_db() as conn:
  File "/usr/lib/python3.12/contextlib.py", line 137, in __enter__
    return next(self.gen)
           ^^^^^^^^^^^^^^
  File "/root/bot/raqat_bot/db/get_db.py", line 139, in get_db
    with psycopg.connect(dsn, row_factory=dict_row) as conn:
         ^^^^^^^^^^^^^^^^^^^^^^^^^^^^^^^^^^^^^^^^^^
  File "/root/bot/raqat_bot/.venv/lib/python3.12/site-packages/psycopg/connection.py", line 122, in connect
    raise last_ex.with_traceback(None)
psycopg.OperationalError: connection is bad: connection to server at "5.75.162.140", port 5432 failed: Network is unreachable
	Is the server running on that host and accepting TCP/IP connections?
[2026-04-17T15:18:32+00:00] RETRY in 20s source=Sahih al-Bukhari

[2026-04-17T15:18:52+00:00] START source=Sahih al-Bukhari from=104862 to=108034
2026-04-17 15:18:55,848 INFO Hadith translation writes to PostgreSQL (DATABASE_URL).
Traceback (most recent call last):
  File "/root/bot/raqat_bot/translate_hadith_kk_batch.py", line 773, in <module>
    main()
  File "/root/bot/raqat_bot/translate_hadith_kk_batch.py", line 761, in main
    with get_db_writer() as conn:
  File "/usr/lib/python3.12/contextlib.py", line 137, in __enter__
    return next(self.gen)
           ^^^^^^^^^^^^^^
  File "/root/bot/raqat_bot/db/get_db.py", line 177, in get_db_writer
    with get_db() as conn:
  File "/usr/lib/python3.12/contextlib.py", line 137, in __enter__
    return next(self.gen)
           ^^^^^^^^^^^^^^
  File "/root/bot/raqat_bot/db/get_db.py", line 139, in get_db
    with psycopg.connect(dsn, row_factory=dict_row) as conn:
         ^^^^^^^^^^^^^^^^^^^^^^^^^^^^^^^^^^^^^^^^^^
  File "/root/bot/raqat_bot/.venv/lib/python3.12/site-packages/psycopg/connection.py", line 122, in connect
    raise last_ex.with_traceback(None)
psycopg.OperationalError: connection is bad: connection to server at "5.75.162.140", port 5432 failed: Network is unreachable
	Is the server running on that host and accepting TCP/IP connections?
[2026-04-17T15:18:56+00:00] RETRY in 20s source=Sahih al-Bukhari

[2026-04-17T15:19:16+00:00] START source=Sahih al-Bukhari from=104862 to=108034
2026-04-17 15:19:19,990 INFO Hadith translation writes to PostgreSQL (DATABASE_URL).
Traceback (most recent call last):
  File "/root/bot/raqat_bot/translate_hadith_kk_batch.py", line 773, in <module>
    main()
  File "/root/bot/raqat_bot/translate_hadith_kk_batch.py", line 761, in main
    with get_db_writer() as conn:
  File "/usr/lib/python3.12/contextlib.py", line 137, in __enter__
    return next(self.gen)
           ^^^^^^^^^^^^^^
  File "/root/bot/raqat_bot/db/get_db.py", line 177, in get_db_writer
    with get_db() as conn:
  File "/usr/lib/python3.12/contextlib.py", line 137, in __enter__
    return next(self.gen)
           ^^^^^^^^^^^^^^
  File "/root/bot/raqat_bot/db/get_db.py", line 139, in get_db
    with psycopg.connect(dsn, row_factory=dict_row) as conn:
         ^^^^^^^^^^^^^^^^^^^^^^^^^^^^^^^^^^^^^^^^^^
  File "/root/bot/raqat_bot/.venv/lib/python3.12/site-packages/psycopg/connection.py", line 122, in connect
    raise last_ex.with_traceback(None)
psycopg.OperationalError: connection is bad: connection to server at "5.75.162.140", port 5432 failed: Network is unreachable
	Is the server running on that host and accepting TCP/IP connections?
[2026-04-17T15:19:21+00:00] RETRY in 20s source=Sahih al-Bukhari

[2026-04-17T15:19:41+00:00] START source=Sahih al-Bukhari from=104862 to=108034
2026-04-17 15:19:46,417 INFO Hadith translation writes to PostgreSQL (DATABASE_URL).
Traceback (most recent call last):
  File "/root/bot/raqat_bot/translate_hadith_kk_batch.py", line 773, in <module>
    main()
  File "/root/bot/raqat_bot/translate_hadith_kk_batch.py", line 761, in main
    with get_db_writer() as conn:
  File "/usr/lib/python3.12/contextlib.py", line 137, in __enter__
    return next(self.gen)
           ^^^^^^^^^^^^^^
  File "/root/bot/raqat_bot/db/get_db.py", line 177, in get_db_writer
    with get_db() as conn:
  File "/usr/lib/python3.12/contextlib.py", line 137, in __enter__
    return next(self.gen)
           ^^^^^^^^^^^^^^
  File "/root/bot/raqat_bot/db/get_db.py", line 139, in get_db
    with psycopg.connect(dsn, row_factory=dict_row) as conn:
         ^^^^^^^^^^^^^^^^^^^^^^^^^^^^^^^^^^^^^^^^^^
  File "/root/bot/raqat_bot/.venv/lib/python3.12/site-packages/psycopg/connection.py", line 122, in connect
    raise last_ex.with_traceback(None)
psycopg.OperationalError: connection is bad: connection to server at "5.75.162.140", port 5432 failed: Network is unreachable
	Is the server running on that host and accepting TCP/IP connections?
[2026-04-17T15:19:47+00:00] RETRY in 20s source=Sahih al-Bukhari

[2026-04-17T15:20:07+00:00] START source=Sahih al-Bukhari from=104862 to=108034
2026-04-17 15:20:11,428 INFO Hadith translation writes to PostgreSQL (DATABASE_URL).
Traceback (most recent call last):
  File "/root/bot/raqat_bot/translate_hadith_kk_batch.py", line 773, in <module>
    main()
  File "/root/bot/raqat_bot/translate_hadith_kk_batch.py", line 761, in main
    with get_db_writer() as conn:
  File "/usr/lib/python3.12/contextlib.py", line 137, in __enter__
    return next(self.gen)
           ^^^^^^^^^^^^^^
  File "/root/bot/raqat_bot/db/get_db.py", line 177, in get_db_writer
    with get_db() as conn:
  File "/usr/lib/python3.12/contextlib.py", line 137, in __enter__
    return next(self.gen)
           ^^^^^^^^^^^^^^
  File "/root/bot/raqat_bot/db/get_db.py", line 139, in get_db
    with psycopg.connect(dsn, row_factory=dict_row) as conn:
         ^^^^^^^^^^^^^^^^^^^^^^^^^^^^^^^^^^^^^^^^^^
  File "/root/bot/raqat_bot/.venv/lib/python3.12/site-packages/psycopg/connection.py", line 122, in connect
    raise last_ex.with_traceback(None)
psycopg.OperationalError: connection is bad: connection to server at "5.75.162.140", port 5432 failed: Network is unreachable
	Is the server running on that host and accepting TCP/IP connections?
[2026-04-17T15:20:12+00:00] RETRY in 20s source=Sahih al-Bukhari

[2026-04-17T15:20:32+00:00] START source=Sahih al-Bukhari from=104862 to=108034
2026-04-17 15:20:36,088 INFO Hadith translation writes to PostgreSQL (DATABASE_URL).
Traceback (most recent call last):
  File "/root/bot/raqat_bot/translate_hadith_kk_batch.py", line 773, in <module>
    main()
  File "/root/bot/raqat_bot/translate_hadith_kk_batch.py", line 761, in main
    with get_db_writer() as conn:
  File "/usr/lib/python3.12/contextlib.py", line 137, in __enter__
    return next(self.gen)
           ^^^^^^^^^^^^^^
  File "/root/bot/raqat_bot/db/get_db.py", line 177, in get_db_writer
    with get_db() as conn:
  File "/usr/lib/python3.12/contextlib.py", line 137, in __enter__
    return next(self.gen)
           ^^^^^^^^^^^^^^
  File "/root/bot/raqat_bot/db/get_db.py", line 139, in get_db
    with psycopg.connect(dsn, row_factory=dict_row) as conn:
         ^^^^^^^^^^^^^^^^^^^^^^^^^^^^^^^^^^^^^^^^^^
  File "/root/bot/raqat_bot/.venv/lib/python3.12/site-packages/psycopg/connection.py", line 122, in connect
    raise last_ex.with_traceback(None)
psycopg.OperationalError: connection is bad: connection to server at "5.75.162.140", port 5432 failed: Network is unreachable
	Is the server running on that host and accepting TCP/IP connections?
[2026-04-17T15:20:36+00:00] RETRY in 20s source=Sahih al-Bukhari

[2026-04-17T15:20:56+00:00] START source=Sahih al-Bukhari from=104862 to=108034
2026-04-17 15:21:00,178 INFO Hadith translation writes to PostgreSQL (DATABASE_URL).
Traceback (most recent call last):
  File "/root/bot/raqat_bot/translate_hadith_kk_batch.py", line 773, in <module>
    main()
  File "/root/bot/raqat_bot/translate_hadith_kk_batch.py", line 761, in main
    with get_db_writer() as conn:
  File "/usr/lib/python3.12/contextlib.py", line 137, in __enter__
    return next(self.gen)
           ^^^^^^^^^^^^^^
  File "/root/bot/raqat_bot/db/get_db.py", line 177, in get_db_writer
    with get_db() as conn:
  File "/usr/lib/python3.12/contextlib.py", line 137, in __enter__
    return next(self.gen)
           ^^^^^^^^^^^^^^
  File "/root/bot/raqat_bot/db/get_db.py", line 139, in get_db
    with psycopg.connect(dsn, row_factory=dict_row) as conn:
         ^^^^^^^^^^^^^^^^^^^^^^^^^^^^^^^^^^^^^^^^^^
  File "/root/bot/raqat_bot/.venv/lib/python3.12/site-packages/psycopg/connection.py", line 122, in connect
    raise last_ex.with_traceback(None)
psycopg.OperationalError: connection is bad: connection to server at "5.75.162.140", port 5432 failed: Network is unreachable
	Is the server running on that host and accepting TCP/IP connections?
[2026-04-17T15:21:01+00:00] RETRY in 20s source=Sahih al-Bukhari

[2026-04-17T15:21:21+00:00] START source=Sahih al-Bukhari from=104862 to=108034
2026-04-17 15:21:25,052 INFO Hadith translation writes to PostgreSQL (DATABASE_URL).
Traceback (most recent call last):
  File "/root/bot/raqat_bot/translate_hadith_kk_batch.py", line 773, in <module>
    main()
  File "/root/bot/raqat_bot/translate_hadith_kk_batch.py", line 761, in main
    with get_db_writer() as conn:
  File "/usr/lib/python3.12/contextlib.py", line 137, in __enter__
    return next(self.gen)
           ^^^^^^^^^^^^^^
  File "/root/bot/raqat_bot/db/get_db.py", line 177, in get_db_writer
    with get_db() as conn:
  File "/usr/lib/python3.12/contextlib.py", line 137, in __enter__
    return next(self.gen)
           ^^^^^^^^^^^^^^
  File "/root/bot/raqat_bot/db/get_db.py", line 139, in get_db
    with psycopg.connect(dsn, row_factory=dict_row) as conn:
         ^^^^^^^^^^^^^^^^^^^^^^^^^^^^^^^^^^^^^^^^^^
  File "/root/bot/raqat_bot/.venv/lib/python3.12/site-packages/psycopg/connection.py", line 122, in connect
    raise last_ex.with_traceback(None)
psycopg.OperationalError: connection is bad: connection to server at "5.75.162.140", port 5432 failed: Network is unreachable
	Is the server running on that host and accepting TCP/IP connections?
[2026-04-17T15:21:25+00:00] RETRY in 20s source=Sahih al-Bukhari

[2026-04-17T15:21:45+00:00] START source=Sahih al-Bukhari from=104862 to=108034
2026-04-17 15:21:49,313 INFO Hadith translation writes to PostgreSQL (DATABASE_URL).
Traceback (most recent call last):
  File "/root/bot/raqat_bot/translate_hadith_kk_batch.py", line 773, in <module>
    main()
  File "/root/bot/raqat_bot/translate_hadith_kk_batch.py", line 761, in main
    with get_db_writer() as conn:
  File "/usr/lib/python3.12/contextlib.py", line 137, in __enter__
    return next(self.gen)
           ^^^^^^^^^^^^^^
  File "/root/bot/raqat_bot/db/get_db.py", line 177, in get_db_writer
    with get_db() as conn:
  File "/usr/lib/python3.12/contextlib.py", line 137, in __enter__
    return next(self.gen)
           ^^^^^^^^^^^^^^
  File "/root/bot/raqat_bot/db/get_db.py", line 139, in get_db
    with psycopg.connect(dsn, row_factory=dict_row) as conn:
         ^^^^^^^^^^^^^^^^^^^^^^^^^^^^^^^^^^^^^^^^^^
  File "/root/bot/raqat_bot/.venv/lib/python3.12/site-packages/psycopg/connection.py", line 122, in connect
    raise last_ex.with_traceback(None)
psycopg.OperationalError: connection is bad: connection to server at "5.75.162.140", port 5432 failed: Network is unreachable
	Is the server running on that host and accepting TCP/IP connections?
[2026-04-17T15:21:50+00:00] RETRY in 20s source=Sahih al-Bukhari

[2026-04-17T15:22:10+00:00] START source=Sahih al-Bukhari from=104862 to=108034
2026-04-17 15:22:13,610 INFO Hadith translation writes to PostgreSQL (DATABASE_URL).
Traceback (most recent call last):
  File "/root/bot/raqat_bot/translate_hadith_kk_batch.py", line 773, in <module>
    main()
  File "/root/bot/raqat_bot/translate_hadith_kk_batch.py", line 761, in main
    with get_db_writer() as conn:
  File "/usr/lib/python3.12/contextlib.py", line 137, in __enter__
    return next(self.gen)
           ^^^^^^^^^^^^^^
  File "/root/bot/raqat_bot/db/get_db.py", line 177, in get_db_writer
    with get_db() as conn:
  File "/usr/lib/python3.12/contextlib.py", line 137, in __enter__
    return next(self.gen)
           ^^^^^^^^^^^^^^
  File "/root/bot/raqat_bot/db/get_db.py", line 139, in get_db
    with psycopg.connect(dsn, row_factory=dict_row) as conn:
         ^^^^^^^^^^^^^^^^^^^^^^^^^^^^^^^^^^^^^^^^^^
  File "/root/bot/raqat_bot/.venv/lib/python3.12/site-packages/psycopg/connection.py", line 122, in connect
    raise last_ex.with_traceback(None)
psycopg.OperationalError: connection is bad: connection to server at "5.75.162.140", port 5432 failed: Network is unreachable
	Is the server running on that host and accepting TCP/IP connections?
[2026-04-17T15:22:14+00:00] RETRY in 20s source=Sahih al-Bukhari

[2026-04-17T15:22:34+00:00] START source=Sahih al-Bukhari from=104862 to=108034
2026-04-17 15:22:37,939 INFO Hadith translation writes to PostgreSQL (DATABASE_URL).
Traceback (most recent call last):
  File "/root/bot/raqat_bot/translate_hadith_kk_batch.py", line 773, in <module>
    main()
  File "/root/bot/raqat_bot/translate_hadith_kk_batch.py", line 761, in main
    with get_db_writer() as conn:
  File "/usr/lib/python3.12/contextlib.py", line 137, in __enter__
    return next(self.gen)
           ^^^^^^^^^^^^^^
  File "/root/bot/raqat_bot/db/get_db.py", line 177, in get_db_writer
    with get_db() as conn:
  File "/usr/lib/python3.12/contextlib.py", line 137, in __enter__
    return next(self.gen)
           ^^^^^^^^^^^^^^
  File "/root/bot/raqat_bot/db/get_db.py", line 139, in get_db
    with psycopg.connect(dsn, row_factory=dict_row) as conn:
         ^^^^^^^^^^^^^^^^^^^^^^^^^^^^^^^^^^^^^^^^^^
  File "/root/bot/raqat_bot/.venv/lib/python3.12/site-packages/psycopg/connection.py", line 122, in connect
    raise last_ex.with_traceback(None)
psycopg.OperationalError: connection is bad: connection to server at "5.75.162.140", port 5432 failed: Network is unreachable
	Is the server running on that host and accepting TCP/IP connections?
[2026-04-17T15:22:38+00:00] RETRY in 20s source=Sahih al-Bukhari

[2026-04-17T15:22:58+00:00] START source=Sahih al-Bukhari from=104862 to=108034
2026-04-17 15:23:02,956 INFO Hadith translation writes to PostgreSQL (DATABASE_URL).
Traceback (most recent call last):
  File "/root/bot/raqat_bot/translate_hadith_kk_batch.py", line 773, in <module>
    main()
  File "/root/bot/raqat_bot/translate_hadith_kk_batch.py", line 761, in main
    with get_db_writer() as conn:
  File "/usr/lib/python3.12/contextlib.py", line 137, in __enter__
    return next(self.gen)
           ^^^^^^^^^^^^^^
  File "/root/bot/raqat_bot/db/get_db.py", line 177, in get_db_writer
    with get_db() as conn:
  File "/usr/lib/python3.12/contextlib.py", line 137, in __enter__
    return next(self.gen)
           ^^^^^^^^^^^^^^
  File "/root/bot/raqat_bot/db/get_db.py", line 139, in get_db
    with psycopg.connect(dsn, row_factory=dict_row) as conn:
         ^^^^^^^^^^^^^^^^^^^^^^^^^^^^^^^^^^^^^^^^^^
  File "/root/bot/raqat_bot/.venv/lib/python3.12/site-packages/psycopg/connection.py", line 122, in connect
    raise last_ex.with_traceback(None)
psycopg.OperationalError: connection is bad: connection to server at "5.75.162.140", port 5432 failed: Network is unreachable
	Is the server running on that host and accepting TCP/IP connections?
[2026-04-17T15:23:03+00:00] RETRY in 20s source=Sahih al-Bukhari

[2026-04-17T15:23:23+00:00] START source=Sahih al-Bukhari from=104862 to=108034
2026-04-17 15:23:27,623 INFO Hadith translation writes to PostgreSQL (DATABASE_URL).
Traceback (most recent call last):
  File "/root/bot/raqat_bot/translate_hadith_kk_batch.py", line 773, in <module>
    main()
  File "/root/bot/raqat_bot/translate_hadith_kk_batch.py", line 761, in main
    with get_db_writer() as conn:
  File "/usr/lib/python3.12/contextlib.py", line 137, in __enter__
    return next(self.gen)
           ^^^^^^^^^^^^^^
  File "/root/bot/raqat_bot/db/get_db.py", line 177, in get_db_writer
    with get_db() as conn:
  File "/usr/lib/python3.12/contextlib.py", line 137, in __enter__
    return next(self.gen)
           ^^^^^^^^^^^^^^
  File "/root/bot/raqat_bot/db/get_db.py", line 139, in get_db
    with psycopg.connect(dsn, row_factory=dict_row) as conn:
         ^^^^^^^^^^^^^^^^^^^^^^^^^^^^^^^^^^^^^^^^^^
  File "/root/bot/raqat_bot/.venv/lib/python3.12/site-packages/psycopg/connection.py", line 122, in connect
    raise last_ex.with_traceback(None)
psycopg.OperationalError: connection is bad: connection to server at "5.75.162.140", port 5432 failed: Network is unreachable
	Is the server running on that host and accepting TCP/IP connections?
[2026-04-17T15:23:28+00:00] RETRY in 20s source=Sahih al-Bukhari

[2026-04-17T15:23:48+00:00] START source=Sahih al-Bukhari from=104862 to=108034
2026-04-17 15:23:51,295 INFO Hadith translation writes to PostgreSQL (DATABASE_URL).
Traceback (most recent call last):
  File "/root/bot/raqat_bot/translate_hadith_kk_batch.py", line 773, in <module>
    main()
  File "/root/bot/raqat_bot/translate_hadith_kk_batch.py", line 761, in main
    with get_db_writer() as conn:
  File "/usr/lib/python3.12/contextlib.py", line 137, in __enter__
    return next(self.gen)
           ^^^^^^^^^^^^^^
  File "/root/bot/raqat_bot/db/get_db.py", line 177, in get_db_writer
    with get_db() as conn:
  File "/usr/lib/python3.12/contextlib.py", line 137, in __enter__
    return next(self.gen)
           ^^^^^^^^^^^^^^
  File "/root/bot/raqat_bot/db/get_db.py", line 139, in get_db
    with psycopg.connect(dsn, row_factory=dict_row) as conn:
         ^^^^^^^^^^^^^^^^^^^^^^^^^^^^^^^^^^^^^^^^^^
  File "/root/bot/raqat_bot/.venv/lib/python3.12/site-packages/psycopg/connection.py", line 122, in connect
    raise last_ex.with_traceback(None)
psycopg.OperationalError: connection is bad: connection to server at "5.75.162.140", port 5432 failed: Network is unreachable
	Is the server running on that host and accepting TCP/IP connections?
[2026-04-17T15:23:51+00:00] RETRY in 20s source=Sahih al-Bukhari

[2026-04-17T15:24:11+00:00] START source=Sahih al-Bukhari from=104862 to=108034
2026-04-17 15:24:16,148 INFO Hadith translation writes to PostgreSQL (DATABASE_URL).
Traceback (most recent call last):
  File "/root/bot/raqat_bot/translate_hadith_kk_batch.py", line 773, in <module>
    main()
  File "/root/bot/raqat_bot/translate_hadith_kk_batch.py", line 761, in main
    with get_db_writer() as conn:
  File "/usr/lib/python3.12/contextlib.py", line 137, in __enter__
    return next(self.gen)
           ^^^^^^^^^^^^^^
  File "/root/bot/raqat_bot/db/get_db.py", line 177, in get_db_writer
    with get_db() as conn:
  File "/usr/lib/python3.12/contextlib.py", line 137, in __enter__
    return next(self.gen)
           ^^^^^^^^^^^^^^
  File "/root/bot/raqat_bot/db/get_db.py", line 139, in get_db
    with psycopg.connect(dsn, row_factory=dict_row) as conn:
         ^^^^^^^^^^^^^^^^^^^^^^^^^^^^^^^^^^^^^^^^^^
  File "/root/bot/raqat_bot/.venv/lib/python3.12/site-packages/psycopg/connection.py", line 122, in connect
    raise last_ex.with_traceback(None)
psycopg.OperationalError: connection is bad: connection to server at "5.75.162.140", port 5432 failed: Network is unreachable
	Is the server running on that host and accepting TCP/IP connections?
[2026-04-17T15:24:17+00:00] RETRY in 20s source=Sahih al-Bukhari

[2026-04-17T15:24:37+00:00] START source=Sahih al-Bukhari from=104862 to=108034
2026-04-17 15:24:40,526 INFO Hadith translation writes to PostgreSQL (DATABASE_URL).
Traceback (most recent call last):
  File "/root/bot/raqat_bot/translate_hadith_kk_batch.py", line 773, in <module>
    main()
  File "/root/bot/raqat_bot/translate_hadith_kk_batch.py", line 761, in main
    with get_db_writer() as conn:
  File "/usr/lib/python3.12/contextlib.py", line 137, in __enter__
    return next(self.gen)
           ^^^^^^^^^^^^^^
  File "/root/bot/raqat_bot/db/get_db.py", line 177, in get_db_writer
    with get_db() as conn:
  File "/usr/lib/python3.12/contextlib.py", line 137, in __enter__
    return next(self.gen)
           ^^^^^^^^^^^^^^
  File "/root/bot/raqat_bot/db/get_db.py", line 139, in get_db
    with psycopg.connect(dsn, row_factory=dict_row) as conn:
         ^^^^^^^^^^^^^^^^^^^^^^^^^^^^^^^^^^^^^^^^^^
  File "/root/bot/raqat_bot/.venv/lib/python3.12/site-packages/psycopg/connection.py", line 122, in connect
    raise last_ex.with_traceback(None)
psycopg.OperationalError: connection is bad: connection to server at "5.75.162.140", port 5432 failed: Network is unreachable
	Is the server running on that host and accepting TCP/IP connections?
[2026-04-17T15:24:41+00:00] RETRY in 20s source=Sahih al-Bukhari

[2026-04-17T15:25:01+00:00] START source=Sahih al-Bukhari from=104862 to=108034
2026-04-17 15:25:06,373 INFO Hadith translation writes to PostgreSQL (DATABASE_URL).
Traceback (most recent call last):
  File "/root/bot/raqat_bot/translate_hadith_kk_batch.py", line 773, in <module>
    main()
  File "/root/bot/raqat_bot/translate_hadith_kk_batch.py", line 761, in main
    with get_db_writer() as conn:
  File "/usr/lib/python3.12/contextlib.py", line 137, in __enter__
    return next(self.gen)
           ^^^^^^^^^^^^^^
  File "/root/bot/raqat_bot/db/get_db.py", line 177, in get_db_writer
    with get_db() as conn:
  File "/usr/lib/python3.12/contextlib.py", line 137, in __enter__
    return next(self.g